<?xml version="1.0" encoding="UTF-8"?>
<testng-results ignored="0" total="1" passed="1" failed="0" skipped="0">
  <reporter-output>
  </reporter-output>
  <suite started-at="2022-08-31T21:14:13 PDT" name="Default suite" finished-at="2022-08-31T21:14:25 PDT" duration-ms="11234">
    <groups>
    </groups>
    <test started-at="2022-08-31T21:14:13 PDT" name="Default test" finished-at="2022-08-31T21:14:25 PDT" duration-ms="11234">
      <class name="Inheritance_Automation.Rediff_login">
        <test-method is-config="true" signature="init()[pri:0, instance:Inheritance_Automation.Rediff_login@4310d43]" started-at="2022-08-31T21:14:13 PDT" name="init" finished-at="2022-08-31T21:14:19 PDT" duration-ms="5740" status="PASS">
          <reporter-output>
          </reporter-output>
        </test-method> <!-- init -->
        <test-method signature="rediffLoginCredentials()[pri:0, instance:Inheritance_Automation.Rediff_login@4310d43]" started-at="2022-08-31T21:14:19 PDT" name="rediffLoginCredentials" finished-at="2022-08-31T21:14:25 PDT" duration-ms="5452" status="PASS">
          <reporter-output>
          </reporter-output>
        </test-method> <!-- rediffLoginCredentials -->
        <test-method is-config="true" signature="teardown()[pri:0, instance:Inheritance_Automation.Rediff_login@4310d43]" started-at="2022-08-31T21:14:25 PDT" name="teardown" finished-at="2022-08-31T21:14:25 PDT" duration-ms="1" status="PASS">
          <reporter-output>
          </reporter-output>
        </test-method> <!-- teardown -->
      </class> <!-- Inheritance_Automation.Rediff_login -->
    </test> <!-- Default test -->
  </suite> <!-- Default suite -->
</testng-results>
